1 6 7 4 2 5 8 3 
232
1 6 8 3 2 5 7 4 
232
1 7 6 4 3 5 8 2 
232
1 7 8 2 3 5 6 4 
232
1 8 6 3 4 5 7 2 
232
1 8 7 2 4 5 6 3 
232
2 5 7 4 1 6 8 3 
232
2 5 8 3 1 6 7 4 
232
2 7 5 4 3 6 8 1 
232
2 7 8 1 3 6 5 4 
232
2 8 5 3 4 6 7 1 
232
2 8 7 1 4 6 5 3 
232
3 5 6 4 1 7 8 2 
232
3 5 8 2 1 7 6 4 
232
3 6 5 4 2 7 8 1 
232
3 6 8 1 2 7 5 4 
232
3 8 5 2 4 7 6 1 
232
3 8 6 1 4 7 5 2 
232
4 5 6 3 1 8 7 2 
232
4 5 7 2 1 8 6 3 
232
4 6 5 3 2 8 7 1 
232
4 6 7 1 2 8 5 3 
232
4 7 5 2 3 8 6 1 
232
4 7 6 1 3 8 5 2 
232
5 2 3 8 6 1 4 7 
232
5 2 4 7 6 1 3 8 
232
5 3 2 8 7 1 4 6 
232
5 3 4 6 7 1 2 8 
232
5 4 2 7 8 1 3 6 
232
5 4 3 6 8 1 2 7 
232
6 1 3 8 5 2 4 7 
232
6 1 4 7 5 2 3 8 
232
6 3 1 8 7 2 4 5 
232
6 3 4 5 7 2 1 8 
232
6 4 1 7 8 2 3 5 
232
6 4 3 5 8 2 1 7 
232
7 1 2 8 5 3 4 6 
232
7 1 4 6 5 3 2 8 
232
7 2 1 8 6 3 4 5 
232
7 2 4 5 6 3 1 8 
232
7 4 1 6 8 3 2 5 
232
7 4 2 5 8 3 1 6 
232
8 1 2 7 5 4 3 6 
232
8 1 3 6 5 4 2 7 
232
8 2 1 7 6 4 3 5 
232
8 2 3 5 6 4 1 7 
232
8 3 1 6 7 4 2 5 
232
8 3 2 5 7 4 1 6 
232
